Log file open, 07/17/17 10:10:54
LogInit:Display: Running engine for game: Section_03
LogPlatformFile: Not using cached read wrapper
LogInit:Display: RandInit(45634170) SRandInit(45634170).
LogTaskGraph: Started task graph with 5 named threads and 8 total threads with 1 sets of task threads.
LogStats: Stats thread started at 0.081022
LogInit: Using libcurl 7.47.1
LogInit:  - built for x86_64-pc-win32
LogInit:  - supports SSL with OpenSSL/1.0.2g
LogInit:  - supports HTTP deflate (compression) using libz 1.2.8
LogInit:  - other features:
LogInit:      CURL_VERSION_SSL
LogInit:      CURL_VERSION_LIBZ
LogInit:      CURL_VERSION_IPV6
LogInit:      CURL_VERSION_ASYNCHDNS
LogInit:      CURL_VERSION_LARGEFILE
LogInit:      CURL_VERSION_IDN
LogInit:  CurlRequestOptions (configurable via config and command line):
LogInit:  - bVerifyPeer = false  - Libcurl will NOT verify peer certificate
LogInit:  - bUseHttpProxy = false  - Libcurl will NOT use HTTP proxy
LogInit:  - bDontReuseConnections = false  - Libcurl will reuse connections
LogInit:  - CertBundlePath = nullptr  - Libcurl will use whatever was configured at build time.
LogInit: Build: ++UE4+Release-4.16-CL-3514769
LogInit: Engine Version: 4.16.2-3514769+++UE4+Release-4.16
LogInit: Compatible Engine Version: 4.16.0-3452394+++UE4+Release-4.16
LogInit: Net CL: 3452394
LogDevObjectVersion: Number of dev versions registered: 16
LogDevObjectVersion:   Dev-Blueprints (B0D832E4-1F89-4F0D-ACCF-7EB736FD4AA2): 9
LogDevObjectVersion:   Dev-Build (E1C64328-A22C-4D53-A36C-8E866417BD8C): 0
LogDevObjectVersion:   Dev-Core (375EC13C-06E4-48FB-B500-84F0262A717E): 2
LogDevObjectVersion:   Dev-Editor (E4B068ED-F494-42E9-A231-DA0B2E46BB41): 17
LogDevObjectVersion:   Dev-Framework (CFFC743F-43B0-4480-9391-14DF171D2073): 23
LogDevObjectVersion:   Dev-Mobile (B02B49B5-BB20-44E9-A304-32B752E40360): 0
LogDevObjectVersion:   Dev-Networking (A4E4105C-59A1-49B5-A7C5-40C4547EDFEE): 0
LogDevObjectVersion:   Dev-Online (39C831C9-5AE6-47DC-9A44-9C173E1C8E7C): 0
LogDevObjectVersion:   Dev-Physics (78F01B33-EBEA-4F98-B9B4-84EACCB95AA2): 0
LogDevObjectVersion:   Dev-Platform (6631380F-2D4D-43E0-8009-CF276956A95A): 0
LogDevObjectVersion:   Dev-Rendering (12F88B9F-8875-4AFC-A67C-D90C383ABD29): 15
LogDevObjectVersion:   Dev-Sequencer (7B5AE74C-D270-4C10-A958-57980B212A5A): 4
LogDevObjectVersion:   Dev-VR (D7296918-1DD6-4BDD-9DE2-64A83CC13884): 0
LogDevObjectVersion:   Dev-LoadTimes (C2A15278-BFE7-4AFE-6C17-90FF531DF755): 1
LogDevObjectVersion:   Private-Geometry (6EACA3D4-40EC-4CC1-B786-8BED09428FC5): 1
LogDevObjectVersion:   Dev-AnimPhys (29E575DD-E0A3-4627-9D10-D276232CDCEA): 3
LogInit: Compiled (64-bit): Jun 29 2017 02:03:24
LogInit: Compiled with Visual C++: 19.00.24215.01
LogInit: Build Configuration: Development
LogInit: Branch Name: ++UE4+Release-4.16
LogInit: Command line: -EpicPortal 
LogInit: Base directory: C:/Program Files/Epic Games/UE_4.16/Engine/Binaries/Win64/
LogInit: Installed Engine Build: 1
LogInit: Presizing for max 8388607 objects, including 0 objects not considered by GC, pre-allocating 0 bytes for permanent pool.
LogInit: Object subsystem initialized
[2017.07.17-08.10.54:585][  0]LogInit: Selected Device Profile: [Windows]
[2017.07.17-08.10.54:585][  0]LogInit: Applying CVar settings loaded from the selected device profile: [Windows]
[2017.07.17-08.10.54:612][  0]LogInit: Computer: DESKTOP-I2A0TGF
[2017.07.17-08.10.54:612][  0]LogInit: User: Fran
[2017.07.17-08.10.54:612][  0]LogInit: CPU Page size=4096, Cores=4
[2017.07.17-08.10.54:612][  0]LogInit: High frequency timer resolution =3.421880 MHz
[2017.07.17-08.10.54:612][  0]LogMemory: Memory total: Physical=31.9GB (32GB approx)
[2017.07.17-08.10.54:612][  0]LogMemory: Platform Memory Stats for Windows
[2017.07.17-08.10.54:612][  0]LogMemory: Process Physical Memory: 272.98 MB used, 272.98 MB peak
[2017.07.17-08.10.54:612][  0]LogMemory: Process Virtual Memory: 266.55 MB used, 266.55 MB peak
[2017.07.17-08.10.54:612][  0]LogMemory: Physical Memory: 10503.36 MB used,  22188.78 MB free, 32692.13 MB total
[2017.07.17-08.10.54:612][  0]LogMemory: Virtual Memory: 643.55 MB used,  22188.78 MB free, 134217728.00 MB total
[2017.07.17-08.10.54:689][  0]LogInit: Using OS detected language (en-US).
[2017.07.17-08.10.54:689][  0]LogInit: Using OS detected locale (da-DK).
[2017.07.17-08.10.54:691][  0]LogTextLocalizationManager: No specific localization for 'en-US' exists, so the 'en' localization will be used.
[2017.07.17-08.10.54:691][  0]LogTextLocalizationManager: No localization for 'da-DK' exists, so 'en-US' will be used for the locale.
[2017.07.17-08.10.55:407][  0]LogD3D11RHI: D3D11 adapters:
[2017.07.17-08.10.55:867][  0]LogD3D11RHI:    0. 'NVIDIA GeForce GTX 1070' (Feature Level 11_0)
[2017.07.17-08.10.55:867][  0]LogD3D11RHI:       8119/0/16346 MB DedicatedVideo/DedicatedSystem/SharedSystem, Outputs:2, VendorId:0x10de
[2017.07.17-08.10.55:868][  0]LogD3D11RHI:    1. 'Microsoft Basic Render Driver' (Feature Level 11_0)
[2017.07.17-08.10.55:868][  0]LogD3D11RHI:       0/0/16346 MB DedicatedVideo/DedicatedSystem/SharedSystem, Outputs:0, VendorId:0x1414
[2017.07.17-08.10.55:868][  0]LogD3D11RHI: Chosen D3D11 Adapter: 0
[2017.07.17-08.10.55:872][  0]LogD3D11RHI: Creating new Direct3DDevice
[2017.07.17-08.10.55:872][  0]LogD3D11RHI:     GPU DeviceId: 0x1b81 (for the marketing name, search the web for "GPU Device Id")
[2017.07.17-08.10.55:872][  0]LogWindows: EnumDisplayDevices:
[2017.07.17-08.10.55:872][  0]LogWindows:    0. 'NVIDIA GeForce GTX 1070' (P:0 D:1)
[2017.07.17-08.10.55:872][  0]LogWindows:    1. 'NVIDIA GeForce GTX 1070' (P:1 D:1)
[2017.07.17-08.10.55:872][  0]LogWindows:    2. 'NVIDIA GeForce GTX 1070' (P:0 D:0)
[2017.07.17-08.10.55:872][  0]LogWindows:    3. 'NVIDIA GeForce GTX 1070' (P:0 D:0)
[2017.07.17-08.10.55:872][  0]LogWindows: DebugString: FoundDriverCount:4 
[2017.07.17-08.10.55:872][  0]LogD3D11RHI:     Adapter Name: NVIDIA GeForce GTX 1070
[2017.07.17-08.10.55:872][  0]LogD3D11RHI:   Driver Version: 382.05 (internal:22.21.13.8205, unified:382.05)
[2017.07.17-08.10.55:872][  0]LogD3D11RHI:      Driver Date: 5-1-2017
[2017.07.17-08.10.55:872][  0]LogRHI: Texture pool is 1361 MB (70% of 1945 MB)
[2017.07.17-08.10.56:324][  0]LogD3D11RHI: Async texture creation enabled
[2017.07.17-08.10.56:352][  0]LogD3D11RHI: GPU Timing Frequency: 1000.000000 (Debug: 2 2)
[2017.07.17-08.10.56:437][  0]LogShaderCompilers: Guid format shader working directory is 15 characters bigger than the processId version (D:/Git/UnrealCourse/Section_03/Intermediate/Shaders/WorkingDirectory/9560/).
[2017.07.17-08.10.56:437][  0]LogShaderCompilers: Cleaned the shader compiler working directory 'C:/Users/Fran/AppData/Local/Temp/UnrealShaderWorkingDir/06AB409148ADACA76E4224A28CD2B94A/'.
[2017.07.17-08.10.56:437][  0]LogShaderCompilers:Display: Using Local Shader Compiler.
[2017.07.17-08.10.57:253][  0]LogTemp:Display: Loaded TP AllDesktopTargetPlatform
[2017.07.17-08.10.57:292][  0]LogTemp:Display: Loaded TP MacClientTargetPlatform
[2017.07.17-08.10.57:330][  0]LogTemp:Display: Loaded TP MacNoEditorTargetPlatform
[2017.07.17-08.10.57:369][  0]LogTemp:Display: Loaded TP MacServerTargetPlatform
[2017.07.17-08.10.57:408][  0]LogTemp:Display: Loaded TP MacTargetPlatform
[2017.07.17-08.10.57:446][  0]LogTemp:Display: Loaded TP WindowsClientTargetPlatform
[2017.07.17-08.10.57:485][  0]LogTemp:Display: Loaded TP WindowsNoEditorTargetPlatform
[2017.07.17-08.10.57:524][  0]LogTemp:Display: Loaded TP WindowsServerTargetPlatform
[2017.07.17-08.10.57:557][  0]LogTemp:Display: Loaded TP WindowsTargetPlatform
[2017.07.17-08.10.57:594][  0]LogTemp:Display: Loaded TP AndroidTargetPlatform
[2017.07.17-08.10.57:632][  0]LogTemp:Display: Loaded TP Android_ASTCTargetPlatform
[2017.07.17-08.10.57:669][  0]LogTemp:Display: Loaded TP Android_ATCTargetPlatform
[2017.07.17-08.10.57:706][  0]LogTemp:Display: Loaded TP Android_DXTTargetPlatform
[2017.07.17-08.10.57:745][  0]LogTemp:Display: Loaded TP Android_ETC1TargetPlatform
[2017.07.17-08.10.57:782][  0]LogTemp:Display: Loaded TP Android_ETC2TargetPlatform
[2017.07.17-08.10.57:856][  0]LogTemp:Display: Loaded TP Android_MultiTargetPlatform
[2017.07.17-08.10.57:856][  0]LogTemp:Display: Loaded TP Android_PVRTCTargetPlatform
[2017.07.17-08.10.57:887][  0]LogTemp:Display: Loaded TP HTML5TargetPlatform
[2017.07.17-08.10.57:963][  0]LogTemp:Display: Loaded TP IOSTargetPlatform
[2017.07.17-08.10.57:985][  0]LogTemp:Display: Loaded TP TVOSTargetPlatform
[2017.07.17-08.10.58:022][  0]LogTemp:Display: Loaded TP LinuxClientTargetPlatform
[2017.07.17-08.10.58:061][  0]LogTemp:Display: Loaded TP LinuxNoEditorTargetPlatform
[2017.07.17-08.10.58:098][  0]LogTemp:Display: Loaded TP LinuxServerTargetPlatform
[2017.07.17-08.10.58:135][  0]LogTemp:Display: Loaded TP LinuxTargetPlatform
[2017.07.17-08.10.58:135][  0]LogTargetPlatformManager:Display: Building Assets For Windows
[2017.07.17-08.10.58:512][  0]LogDerivedDataCache:Display: Max Cache Size: 512 MB
[2017.07.17-08.10.58:582][  0]LogDerivedDataCache: Loaded boot cache 0.07s 90MB C:/Users/Fran/AppData/Local/UnrealEngine/4.16/DerivedDataCache/Boot.ddc.
[2017.07.17-08.10.58:582][  0]LogDerivedDataCache:Display: Loaded Boot cache: C:/Users/Fran/AppData/Local/UnrealEngine/4.16/DerivedDataCache/Boot.ddc
[2017.07.17-08.10.58:582][  0]LogDerivedDataCache: FDerivedDataBackendGraph:  Pak pak cache file D:/Git/UnrealCourse/Section_03/DerivedDataCache/DDC.ddp not found, will not use a pak cache.
[2017.07.17-08.10.58:582][  0]LogDerivedDataCache: Unable to find inner node Pak for hierarchical cache Hierarchy.
[2017.07.17-08.10.58:582][  0]LogDerivedDataCache: FDerivedDataBackendGraph:  CompressedPak pak cache file D:/Git/UnrealCourse/Section_03/DerivedDataCache/Compressed.ddp not found, will not use a pak cache.
[2017.07.17-08.10.58:582][  0]LogDerivedDataCache: Unable to find inner node CompressedPak for hierarchical cache Hierarchy.
[2017.07.17-08.10.58:594][  0]LogDerivedDataCache:Display: Pak cache opened for reading ../../../Engine/DerivedDataCache/Compressed.ddp.
[2017.07.17-08.10.58:606][  0]LogDerivedDataCache: Using Local data cache path C:/Users/Fran/AppData/Local/UnrealEngine/Common/DerivedDataCache: Writable
[2017.07.17-08.10.58:614][  0]LogMaterial: Verifying Global Shaders for PCD3D_SM5
[2017.07.17-08.10.58:614][  0]LogSlate: Using Freetype 2.6.0
[2017.07.17-08.10.58:614][  0]LogSlate: SlateFontCache - WITH_FREETYPE: 1, WITH_HARFBUZZ: 1
[2017.07.17-08.10.58:614][  0]LogSlate: SlateFontCache - WITH_FREETYPE: 1, WITH_HARFBUZZ: 1
[2017.07.17-08.10.58:848][  0]LogInit: Selected Device Profile: [Windows]
[2017.07.17-08.10.58:898][  0]LogContentStreaming: Texture pool size is 0.00 MB
[2017.07.17-08.10.59:019][  0]LogMeshUtilities: Using QuadricMeshReduction for automatic static mesh reduction
[2017.07.17-08.10.59:054][  0]LogSimplygon: Simplygon DLL not present - disabling.
[2017.07.17-08.10.59:090][  0]LogMeshUtilities: Using SimplygonSwarm for distributed automatic mesh merging
[2017.07.17-08.10.59:090][  0]LogMeshUtilities: No automatic skeletal mesh reduction module available
[2017.07.17-08.10.59:090][  0]LogMeshUtilities: No automatic mesh merging module available
[2017.07.17-08.10.59:491][  0]LogNetVersion: Section_03 , NetCL: 3452394, EngineNetVer: 2, GameNetVer: 0 (Checksum: 294135209)
[2017.07.17-08.10.59:543][  0]LogAssetRegistry: FAssetRegistry took 0.0252 seconds to start up
[2017.07.17-08.10.59:579][  0]LogPackageLocalizationCache: Processed 4 localized package path(s) for 2 prioritized culture(s) in 0.018976 seconds
[2017.07.17-08.10.59:583][  0]LogUObjectArray: 34194 objects as part of root set at end of initial load.
[2017.07.17-08.10.59:583][  0]LogUObjectAllocator: 7260424 out of 0 bytes used by permanent object pool.
[2017.07.17-08.10.59:583][  0]LogUObjectArray: CloseDisregardForGC: 0/0 objects in disregard for GC pool
[2017.07.17-08.10.59:636][  0]LogInit: WinSock: version 1.1 (2.2), MaxSocks=32767, MaxUdp=65467
[2017.07.17-08.11.01:467][  0]LogTcpMessaging: Initializing TcpMessaging bridge
[2017.07.17-08.11.01:501][  0]LogUdpMessaging: Initializing bridge on interface 0.0.0.0:0 to multicast group 230.0.0.1:6666.
[2017.07.17-08.11.01:983][  0]LogMaterial: Uniform references updated for custom material expression Custom.
[2017.07.17-08.11.02:287][  0]SourceControl: Info Source control is disabled
[2017.07.17-08.11.02:313][  0]SourceControl: Info Source control is disabled
[2017.07.17-08.11.02:350][  0]SourceControl: Info Source control is disabled
[2017.07.17-08.11.02:386][  0]SourceControl: Info Source control is disabled
[2017.07.17-08.11.02:914][  0]LogAndroidPermission: UAndroidPermissionCallbackProxy::GetInstance
[2017.07.17-08.11.03:388][  0]LogEngine: Initializing Engine...
[2017.07.17-08.11.03:388][  0]LogHMD: Failed to initialize OpenVR with code 110
[2017.07.17-08.11.03:541][  0]LogStats: UGameplayTagsManager::ConstructGameplayTagTree: Construct from data asset -  0.000 s
[2017.07.17-08.11.03:541][  0]LogStats: UGameplayTagsManager::ConstructGameplayTagTree: GameplayTagTreeChangedEvent.Broadcast -  0.000 s
[2017.07.17-08.11.03:642][  0]LogAIModule: Creating AISystem for world Untitled
[2017.07.17-08.11.03:654][  0]LogInit: XAudio2 using 'Headset Earphone (Razer Kraken 7.1 V2)' : 2 channels at 44.1 kHz using 16 bits per sample (channel mask 0x3)
[2017.07.17-08.11.03:667][  0]LogInit: FAudioDevice initialized.
[2017.07.17-08.11.03:701][  0]LogDerivedDataCache: Saved boot cache 0.03s 90MB C:/Users/Fran/AppData/Local/UnrealEngine/4.16/DerivedDataCache/Boot.ddc.
[2017.07.17-08.11.03:708][  0]LogInit: Texture streaming: Enabled
[2017.07.17-08.11.03:786][  0]LogEngineSessionManager: EngineSessionManager initialized
[2017.07.17-08.11.03:960][  0]LogInit: Transaction tracking system initialized
[2017.07.17-08.11.04:210][  0]BlueprintLog: New page: Editor Load
[2017.07.17-08.11.05:007][  0]LocalizationService: Info Localization service is disabled
[2017.07.17-08.11.05:575][  0]LogConsoleResponse:Display: 
[2017.07.17-08.11.05:690][  0]LogCook:Display: Max memory allowance for cook 16384mb min free memory 0mb
[2017.07.17-08.11.05:690][  0]LogCook:Display: Mobile HDR setting 1
[2017.07.17-08.11.05:899][  0]LogFileCache: Scanning file cache for directory 'D:/Git/UnrealCourse/Section_03/Content/' took 0.01s
[2017.07.17-08.11.06:503][  0]SourceControl: Info Source control is disabled
[2017.07.17-08.11.06:503][  0]Cmd: MAP LOAD FILE="D:/Git/UnrealCourse/Section_03/Content/NewMap.umap" TEMPLATE=0 SHOWPROGRESS=1 FEATURELEVEL=3
[2017.07.17-08.11.06:503][  0]LightingResults: New page: Lighting Build
[2017.07.17-08.11.06:538][  0]MapCheck: New page: Map Check
[2017.07.17-08.11.06:538][  0]LightingResults: New page: Lighting Build
[2017.07.17-08.11.07:144][  0]LogMaterial: Missing cached shader map for material M_Chair, compiling. 
[2017.07.17-08.11.07:225][  0]LogAIModule: Creating AISystem for world NewMap
[2017.07.17-08.11.07:231][  0]LogEditorServer: Finished looking for orphan Actors (0.000 secs)
[2017.07.17-08.11.07:240][  0]Cmd: MAP CHECKDEP NOCLEARLOG
[2017.07.17-08.11.07:279][  0]MapCheck: Info Map check complete: 0 Error(s), 0 Warning(s), took 38.336ms to complete.
[2017.07.17-08.11.07:279][  0]LogFileHelpers: Loading map 'NewMap' took 0.776
[2017.07.17-08.11.07:348][  0]LogWindowsTextInputMethodSystem:Display: IME system now deactivated.
[2017.07.17-08.11.07:425][  0]LogCollectionManager: Loaded 0 collections in 0.001161 seconds
[2017.07.17-08.11.07:503][  0]LogFileCache: Scanning file cache for directory 'D:/Git/UnrealCourse/Section_03/Saved/Collections/' took 0.01s
[2017.07.17-08.11.07:503][  0]LogFileCache: Scanning file cache for directory 'D:/Git/UnrealCourse/Section_03/Content/Developers/Fran/Collections/' took 0.01s
[2017.07.17-08.11.07:503][  0]LogFileCache: Scanning file cache for directory 'D:/Git/UnrealCourse/Section_03/Content/Collections/' took 0.01s
[2017.07.17-08.11.07:503][  0]LogCollectionManager: Rebuilt the GUID cache for 0 collections in 0.000001 seconds
[2017.07.17-08.11.07:511][  0]LogContentBrowser: Native class hierarchy populated in 0.0078 seconds. Added 2333 classes and 493 folders.
[2017.07.17-08.11.07:575][  0]LogContentBrowser: Native class hierarchy updated for 'WidgetCarousel' in 0.0009 seconds. Added 0 classes and 0 folders.
[2017.07.17-08.11.07:600][  0]LogContentBrowser: Native class hierarchy updated for 'AddContentDialog' in 0.0009 seconds. Added 0 classes and 0 folders.
[2017.07.17-08.11.07:645][  0]LogContentBrowser: Native class hierarchy updated for 'SceneOutliner' in 0.0009 seconds. Added 1 classes and 2 folders.
[2017.07.17-08.11.07:687][  0]LogCrashTracker: Crashtracker disabled due to settings.
[2017.07.17-08.11.07:691][  0]LogSlate: Took 0.000127 seconds to synchronously load lazily loaded font '../../../Engine/Content/Slate/Fonts/Roboto-Regular.ttf' (155K)
[2017.07.17-08.11.07:692][  0]LogSlate: Took 0.000122 seconds to synchronously load lazily loaded font '../../../Engine/Content/Slate/Fonts/Roboto-Bold.ttf' (160K)
[2017.07.17-08.11.07:696][  0]LogSlate: Took 0.000181 seconds to synchronously load lazily loaded font '../../../Engine/Content/Editor/Slate/Fonts/FontAwesome.ttf' (139K)
[2017.07.17-08.11.07:776][  0]LogRenderer: Reallocating scene render targets to support 1288x624 NumSamples 1 (Frame:1).
[2017.07.17-08.11.07:833][  0]LogSlate: Took 0.000105 seconds to synchronously load lazily loaded font '../../../Engine/Content/Slate/Fonts/Roboto-Light.ttf' (159K)
[2017.07.17-08.11.07:986][  0]LogUObjectGlobals:Warning: Failed to find object 'Class None.'
[2017.07.17-08.11.08:047][  0]LogContentBrowser: Native class hierarchy updated for 'HierarchicalLODOutliner' in 0.0009 seconds. Added 1 classes and 2 folders.
[2017.07.17-08.11.08:047][  0]LogLoad: (Engine Initialization) Total time: 14.78 seconds
[2017.07.17-08.11.08:047][  0]LogLoad: (Engine Initialization) Total Blueprint compile time: 0.07 seconds
[2017.07.17-08.11.08:047][  0]LogExternalProfiler: Found external profiler: VSPerf
[2017.07.17-08.11.08:047][  0]LogExternalProfiler: Using external profiler: VSPerf
[2017.07.17-08.11.08:057][  0]LogOcInput: OculusInput pre-init called
[2017.07.17-08.11.08:057][  0]LogHMD: Starting GearVRController plugin
[2017.07.17-08.11.08:072][  0]LogAssetRegistry: Asset discovery search completed in 8.5518 seconds
[2017.07.17-08.11.08:074][  0]LogCollectionManager: Rebuilt the object cache for 0 collections in 0.000000 seconds (found 0 objects)
[2017.07.17-08.11.08:074][  0]LogCollectionManager: Fixed up redirectors for 0 collections in 0.000022 seconds (updated 0 objects)
[2017.07.17-08.11.08:076][  0]LogContentStreaming: Texture pool size now 1000 MB
[2017.07.17-08.26.41:550][215]Cmd: QUIT_EDITOR
[2017.07.17-08.26.41:561][215]LogWindowsTextInputMethodSystem:Display: IME system now deactivated.
[2017.07.17-08.26.41:570][215]LogExit: Preparing to exit.
[2017.07.17-08.26.41:805][215]LogExit: Editor shut down
[2017.07.17-08.26.41:808][215]LogExit: Transaction tracking system shut down
[2017.07.17-08.26.41:894][215]LogObj: Freed 0b from 0 cluster array pools.
[2017.07.17-08.26.41:895][215]LogExit: Object subsystem successfully closed.
[2017.07.17-08.26.41:912][215]LogD3D11RHI: Shutdown
[2017.07.17-08.26.41:912][215]LogD3D11RHI: CleanupD3DDevice
[2017.07.17-08.26.41:952][215]LogD3D11RHI: ~FD3D11DynamicRHI
[2017.07.17-08.26.41:966][215]LogModuleManager: Shutting down and abandoning module HierarchicalLODOutliner (526)
[2017.07.17-08.26.41:966][215]LogModuleManager: Shutting down and abandoning module CrashTracker (524)
[2017.07.17-08.26.41:966][215]LogModuleManager: Shutting down and abandoning module SceneOutliner (522)
[2017.07.17-08.26.41:966][215]LogModuleManager: Shutting down and abandoning module AddContentDialog (520)
[2017.07.17-08.26.41:966][215]LogDirectoryWatcher: A directory notification for 'C:/Program Files/Epic Games/UE_4.16/FeaturePacks/' was aborted.
[2017.07.17-08.26.41:967][215]LogModuleManager: Shutting down and abandoning module WidgetCarousel (519)
[2017.07.17-08.26.41:967][215]LogModuleManager: Shutting down and abandoning module EditorWidgets (516)
[2017.07.17-08.26.41:967][215]LogModuleManager: Shutting down and abandoning module CollectionManager (514)
[2017.07.17-08.26.41:967][215]LogDirectoryWatcher: A directory notification for 'D:/Git/UnrealCourse/Section_03/Content/Collections/' was aborted.
[2017.07.17-08.26.41:967][215]LogDirectoryWatcher: A directory notification for 'D:/Git/UnrealCourse/Section_03/Content/Developers/Fran/Collections/' was aborted.
[2017.07.17-08.26.41:967][215]LogDirectoryWatcher: A directory notification for 'D:/Git/UnrealCourse/Section_03/Saved/Collections/' was aborted.
[2017.07.17-08.26.41:967][215]LogModuleManager: Shutting down and abandoning module StatsViewer (512)
[2017.07.17-08.26.41:967][215]LogModuleManager: Shutting down and abandoning module FoliageEdit (510)
[2017.07.17-08.26.41:967][215]LogModuleManager: Shutting down and abandoning module LandscapeEditor (508)
[2017.07.17-08.26.41:967][215]LogModuleManager: Shutting down and abandoning module MeshPaintMode (506)
[2017.07.17-08.26.41:967][215]LogModuleManager: Shutting down and abandoning module SceneDepthPickerMode (504)
[2017.07.17-08.26.41:967][215]LogModuleManager: Shutting down and abandoning module ActorPickerMode (502)
[2017.07.17-08.26.41:967][215]LogModuleManager: Shutting down and abandoning module GeometryMode (500)
[2017.07.17-08.26.41:967][215]LogModuleManager: Shutting down and abandoning module TextureAlignMode (498)
[2017.07.17-08.26.41:967][215]LogModuleManager: Shutting down and abandoning module BspMode (496)
[2017.07.17-08.26.41:967][215]LogModuleManager: Shutting down and abandoning module HardwareSurvey (494)
[2017.07.17-08.26.41:967][215]LogModuleManager: Shutting down and abandoning module SequenceRecorderSections (492)
[2017.07.17-08.26.41:967][215]LogModuleManager: Shutting down and abandoning module AutomationWorker (490)
[2017.07.17-08.26.41:967][215]LogModuleManager: Shutting down and abandoning module MatineeToLevelSequence (488)
[2017.07.17-08.26.41:967][215]LogModuleManager: Shutting down and abandoning module LevelSequenceEditor (486)
[2017.07.17-08.26.41:967][215]LogModuleManager: Shutting down and abandoning module PlacementMode (485)
[2017.07.17-08.26.41:967][215]LogModuleManager: Shutting down and abandoning module WmfMediaFactory (482)
[2017.07.17-08.26.41:967][215]LogModuleManager: Shutting down and abandoning module WmfMediaEditor (480)
[2017.07.17-08.26.41:967][215]LogModuleManager: Shutting down and abandoning module AvfMediaFactory (478)
[2017.07.17-08.26.41:967][215]LogModuleManager: Shutting down and abandoning module AvfMediaEditor (476)
[2017.07.17-08.26.41:967][215]LogModuleManager: Shutting down and abandoning module AndroidMediaFactory (474)
[2017.07.17-08.26.41:967][215]LogModuleManager: Shutting down and abandoning module Media (473)
[2017.07.17-08.26.41:967][215]LogModuleManager: Shutting down and abandoning module AndroidMediaEditor (470)
[2017.07.17-08.26.41:967][215]LogModuleManager: Shutting down and abandoning module CharacterAI (468)
[2017.07.17-08.26.41:967][215]LogModuleManager: Shutting down and abandoning module AudioCapture (466)
[2017.07.17-08.26.41:967][215]LogModuleManager: Shutting down and abandoning module SequenceRecorder (465)
[2017.07.17-08.26.41:967][215]LogModuleManager: Shutting down and abandoning module SmartSnapping (462)
[2017.07.17-08.26.41:967][215]LogModuleManager: Shutting down and abandoning module SessionServices (460)
[2017.07.17-08.26.41:967][215]LogModuleManager: Shutting down and abandoning module ViewportSnapping (458)
[2017.07.17-08.26.41:967][215]LogModuleManager: Shutting down and abandoning module ViewportInteraction (456)
[2017.07.17-08.26.41:967][215]LogModuleManager: Shutting down and abandoning module ClothPainter (454)
[2017.07.17-08.26.41:967][215]LogModuleManager: Shutting down and abandoning module LogVisualizer (452)
[2017.07.17-08.26.41:967][215]LogModuleManager: Shutting down and abandoning module IntroTutorials (450)
[2017.07.17-08.26.41:967][215]LogModuleManager: Shutting down and abandoning module GameProjectGeneration (449)
[2017.07.17-08.26.41:967][215]LogModuleManager: Shutting down and abandoning module EditorLiveStreaming (446)
[2017.07.17-08.26.41:967][215]LogModuleManager: Shutting down and abandoning module IOSPlatformEditor (444)
[2017.07.17-08.26.41:967][215]LogModuleManager: Shutting down and abandoning module HTML5PlatformEditor (442)
[2017.07.17-08.26.41:967][215]LogModuleManager: Shutting down and abandoning module AndroidPlatformEditor (440)
[2017.07.17-08.26.41:967][215]LogModuleManager: Shutting down and abandoning module AndroidDeviceDetection (439)
[2017.07.17-08.26.42:455][215]LogModuleManager: Shutting down and abandoning module IOSRuntimeSettings (436)
[2017.07.17-08.26.42:455][215]LogModuleManager: Shutting down and abandoning module AndroidRuntimeSettings (434)
[2017.07.17-08.26.42:455][215]LogModuleManager: Shutting down and abandoning module InputBindingEditor (432)
[2017.07.17-08.26.42:455][215]LogModuleManager: Shutting down and abandoning module MergeActors (430)
[2017.07.17-08.26.42:455][215]LogModuleManager: Shutting down and abandoning module SizeMap (428)
[2017.07.17-08.26.42:455][215]LogModuleManager: Shutting down and abandoning module TreeMap (426)
[2017.07.17-08.26.42:455][215]LogModuleManager: Shutting down and abandoning module ReferenceViewer (424)
[2017.07.17-08.26.42:455][215]LogModuleManager: Shutting down and abandoning module LocalizationDashboard (422)
[2017.07.17-08.26.42:455][215]LogModuleManager: Shutting down and abandoning module LocalizationService (421)
[2017.07.17-08.26.42:455][215]LogModuleManager: Shutting down and abandoning module HardwareTargeting (418)
[2017.07.17-08.26.42:455][215]LogModuleManager: Shutting down and abandoning module DeviceProfileEditor (416)
[2017.07.17-08.26.42:455][215]LogModuleManager: Shutting down and abandoning module UndoHistory (414)
[2017.07.17-08.26.42:455][215]LogModuleManager: Shutting down and abandoning module UserFeedback (412)
[2017.07.17-08.26.42:455][215]LogModuleManager: Shutting down and abandoning module XmlParser (410)
[2017.07.17-08.26.42:455][215]LogModuleManager: Shutting down and abandoning module Blutility (408)
[2017.07.17-08.26.42:455][215]LogModuleManager: Shutting down and abandoning module ProjectSettingsViewer (406)
[2017.07.17-08.26.42:455][215]LogModuleManager: Shutting down and abandoning module ProjectTargetPlatformEditor (405)
[2017.07.17-08.26.42:456][215]LogModuleManager: Shutting down and abandoning module EditorSettingsViewer (402)
[2017.07.17-08.26.42:456][215]LogModuleManager: Shutting down and abandoning module SettingsEditor (400)
[2017.07.17-08.26.42:456][215]LogModuleManager: Shutting down and abandoning module ProjectLauncher (398)
[2017.07.17-08.26.42:456][215]LogModuleManager: Shutting down and abandoning module SessionFrontend (396)
[2017.07.17-08.26.42:456][215]LogModuleManager: Shutting down and abandoning module ProfilerClient (394)
[2017.07.17-08.26.42:456][215]LogModuleManager: Shutting down and abandoning module DeviceManager (392)
[2017.07.17-08.26.42:456][215]LogModuleManager: Shutting down and abandoning module TargetDeviceServices (391)
[2017.07.17-08.26.42:519][215]LogModuleManager: Shutting down and abandoning module AutomationController (388)
[2017.07.17-08.26.42:519][215]LogModuleManager: Shutting down and abandoning module AutomationWindow (386)
[2017.07.17-08.26.42:520][215]LogModuleManager: Shutting down and abandoning module Layers (384)
[2017.07.17-08.26.42:520][215]LogModuleManager: Shutting down and abandoning module ComponentVisualizers (382)
[2017.07.17-08.26.42:520][215]LogModuleManager: Shutting down and abandoning module DetailCustomizations (380)
[2017.07.17-08.26.42:520][215]LogModuleManager: Shutting down and abandoning module PackagesDialog (378)
[2017.07.17-08.26.42:520][215]LogModuleManager: Shutting down and abandoning module Persona (376)
[2017.07.17-08.26.42:520][215]LogModuleManager: Shutting down and abandoning module AdvancedPreviewScene (375)
[2017.07.17-08.26.42:520][215]LogModuleManager: Shutting down and abandoning module AnimGraph (373)
[2017.07.17-08.26.42:520][215]LogModuleManager: Shutting down and abandoning module Kismet (370)
[2017.07.17-08.26.42:521][215]LogModuleManager: Shutting down and abandoning module ClassViewer (368)
[2017.07.17-08.26.42:521][215]LogModuleManager: Shutting down and abandoning module Toolbox (366)
[2017.07.17-08.26.42:521][215]LogModuleManager: Shutting down and abandoning module ModuleUI (364)
[2017.07.17-08.26.42:521][215]LogModuleManager: Shutting down and abandoning module MovieSceneTools (362)
[2017.07.17-08.26.42:521][215]LogModuleManager: Shutting down and abandoning module OutputLog (360)
[2017.07.17-08.26.42:521][215]LogModuleManager: Shutting down and abandoning module GammaUI (358)
[2017.07.17-08.26.42:521][215]LogModuleManager: Shutting down and abandoning module Documentation (356)
[2017.07.17-08.26.42:521][215]LogModuleManager: Shutting down and abandoning module MovieSceneTracks (354)
[2017.07.17-08.26.42:521][215]LogModuleManager: Shutting down and abandoning module MovieScene (352)
[2017.07.17-08.26.42:521][215]LogModuleManager: Shutting down and abandoning module Niagara (350)
[2017.07.17-08.26.42:521][215]LogModuleManager: Shutting down and abandoning module NiagaraEditor (349)
[2017.07.17-08.26.42:521][215]LogModuleManager: Shutting down and abandoning module StreamingPauseRendering (346)
[2017.07.17-08.26.42:522][215]LogModuleManager: Shutting down and abandoning module AnalyticsET (344)
[2017.07.17-08.26.42:522][215]LogModuleManager: Shutting down and abandoning module PortalServices (342)
[2017.07.17-08.26.42:522][215]LogModuleManager: Shutting down and abandoning module PortalRpc (340)
[2017.07.17-08.26.42:522][215]LogModuleManager: Shutting down and abandoning module MessagingRpc (338)
[2017.07.17-08.26.42:522][215]LogModuleManager: Shutting down and abandoning module AIModule (336)
[2017.07.17-08.26.42:522][215]LogModuleManager: Shutting down and abandoning module GameplayDebugger (335)
[2017.07.17-08.26.42:522][215]LogModuleManager: Shutting down and abandoning module AITestSuite (333)
[2017.07.17-08.26.42:522][215]LogModuleManager: Shutting down and abandoning module ProfilerService (330)
[2017.07.17-08.26.42:745][215]LogModuleManager: Shutting down and abandoning module TaskGraph (328)
[2017.07.17-08.26.42:745][215]LogModuleManager: Shutting down and abandoning module SteamVRController (326)
[2017.07.17-08.26.42:745][215]LogModuleManager: Shutting down and abandoning module SteamVR (324)
[2017.07.17-08.26.42:745][215]LogModuleManager: Shutting down and abandoning module ProceduralMeshComponentEditor (322)
[2017.07.17-08.26.42:745][215]LogModuleManager: Shutting down and abandoning module ProceduralMeshComponent (320)
[2017.07.17-08.26.42:745][215]LogModuleManager: Shutting down and abandoning module OculusLibrary (318)
[2017.07.17-08.26.42:745][215]LogModuleManager: Shutting down and abandoning module OculusInput (316)
[2017.07.17-08.26.42:745][215]LogModuleManager: Shutting down and abandoning module MobilePatchingUtils (314)
[2017.07.17-08.26.42:745][215]LogModuleManager: Shutting down and abandoning module CustomMeshComponent (312)
[2017.07.17-08.26.42:745][215]LogModuleManager: Shutting down and abandoning module CableComponent (310)
[2017.07.17-08.26.42:745][215]LogModuleManager: Shutting down and abandoning module ArchVisCharacter (308)
[2017.07.17-08.26.42:745][215]LogModuleManager: Shutting down and abandoning module AndroidPermission (306)
[2017.07.17-08.26.42:745][215]LogModuleManager: Shutting down and abandoning module MediaPlayerEditor (302)
[2017.07.17-08.26.42:745][215]LogModuleManager: Shutting down and abandoning module HTML5Networking (300)
[2017.07.17-08.26.42:746][215]LogModuleManager: Shutting down and abandoning module AlembicImporter (298)
[2017.07.17-08.26.42:746][215]LogModuleManager: Shutting down and abandoning module AlembicLibrary (297)
[2017.07.17-08.26.42:746][215]LogModuleManager: Shutting down and abandoning module GeometryCache (296)
[2017.07.17-08.26.42:746][215]LogModuleManager: Shutting down and abandoning module GeometryCacheEd (295)
[2017.07.17-08.26.42:746][215]LogModuleManager: Shutting down and abandoning module SuperSearchEditor (290)
[2017.07.17-08.26.42:746][215]LogModuleManager: Shutting down and abandoning module SuperSearch (289)
[2017.07.17-08.26.42:746][215]LogModuleManager: Shutting down and abandoning module SpeedTreeImporter (286)
[2017.07.17-08.26.42:746][215]LogModuleManager: Shutting down and abandoning module PluginBrowser (284)
[2017.07.17-08.26.42:746][215]LogModuleManager: Shutting down and abandoning module MobileLauncherProfileWizard (282)
[2017.07.17-08.26.42:746][215]LogModuleManager: Shutting down and abandoning module VisualStudioSourceCodeAccess (280)
[2017.07.17-08.26.42:746][215]LogModuleManager: Shutting down and abandoning module DesktopPlatform (279)
[2017.07.17-08.26.42:746][215]LogModuleManager: Shutting down and abandoning module UObjectPlugin (276)
[2017.07.17-08.26.42:746][215]LogModuleManager: Shutting down and abandoning module SubversionSourceControl (274)
[2017.07.17-08.26.42:746][215]LogModuleManager: Shutting down and abandoning module PerforceSourceControl (272)
[2017.07.17-08.26.42:746][215]LogModuleManager: Shutting down and abandoning module GitSourceControl (270)
[2017.07.17-08.26.42:746][215]LogModuleManager: Shutting down and abandoning module SourceControl (269)
[2017.07.17-08.26.42:746][215]LogModuleManager: Shutting down and abandoning module LightPropagationVolumeEditor (266)
[2017.07.17-08.26.42:746][215]LogModuleManager: Shutting down and abandoning module PaperTiledImporter (264)
[2017.07.17-08.26.42:746][215]LogModuleManager: Shutting down and abandoning module PaperSpriteSheetImporter (262)
[2017.07.17-08.26.42:746][215]LogModuleManager: Shutting down and abandoning module Paper2DEditor (260)
[2017.07.17-08.26.42:746][215]LogModuleManager: Shutting down and abandoning module MeshPaint (259)
[2017.07.17-08.26.42:747][215]LogModuleManager: Shutting down and abandoning module LevelEditor (257)
[2017.07.17-08.26.42:748][215]LogModuleManager: Shutting down and abandoning module PixelInspectorModule (256)
[2017.07.17-08.26.42:748][215]LogModuleManager: Shutting down and abandoning module MainFrame (254)
[2017.07.17-08.26.42:749][215]LogModuleManager: Shutting down and abandoning module HotReload (253)
[2017.07.17-08.26.42:749][215]LogDirectoryWatcher: A directory notification for 'D:/Git/UnrealCourse/Section_03/Binaries/Win64' was aborted.
[2017.07.17-08.26.42:750][215]LogModuleManager: Shutting down and abandoning module Section_03 (248)
[2017.07.17-08.26.42:750][215]LogModuleManager: Shutting down and abandoning module PhysXVehiclesEditor (246)
[2017.07.17-08.26.42:750][215]LogModuleManager: Shutting down and abandoning module PhysXVehicles (244)
[2017.07.17-08.26.42:750][215]LogModuleManager: Shutting down and abandoning module LocationServicesBPLibrary (242)
[2017.07.17-08.26.42:750][215]LogModuleManager: Shutting down and abandoning module ImmediatePhysicsEditor (240)
[2017.07.17-08.26.42:750][215]LogModuleManager: Shutting down and abandoning module ImmediatePhysics (238)
[2017.07.17-08.26.42:750][215]LogModuleManager: Shutting down and abandoning module UdpMessaging (236)
[2017.07.17-08.26.42:851][215]LogModuleManager: Shutting down and abandoning module TcpMessaging (234)
[2017.07.17-08.26.42:951][215]LogModuleManager: Shutting down and abandoning module GameplayTagsEditor (232)
[2017.07.17-08.26.42:951][215]LogModuleManager: Shutting down and abandoning module FacialAnimationEditor (230)
[2017.07.17-08.26.42:951][215]LogModuleManager: Shutting down and abandoning module FacialAnimation (228)
[2017.07.17-08.26.42:951][215]LogModuleManager: Shutting down and abandoning module AssetManagerEditor (226)
[2017.07.17-08.26.42:951][215]LogModuleManager: Shutting down and abandoning module GraphEditor (225)
[2017.07.17-08.26.42:951][215]LogModuleManager: Shutting down and abandoning module ContentBrowser (223)
[2017.07.17-08.26.42:952][215]LogModuleManager: Shutting down and abandoning module LightPropagationVolumeRuntime (220)
[2017.07.17-08.26.42:952][215]LogModuleManager: Shutting down and abandoning module Paper2D (218)
[2017.07.17-08.26.42:952][215]LogModuleManager: Shutting down and abandoning module WindowsMoviePlayer (216)
[2017.07.17-08.26.42:952][215]LogModuleManager: Shutting down and abandoning module WmfMedia (214)
[2017.07.17-08.26.42:952][215]LogModuleManager: Shutting down and abandoning module ClothingSystemEditor (212)
[2017.07.17-08.26.42:952][215]LogModuleManager: Shutting down and abandoning module ClothingSystemRuntime (210)
[2017.07.17-08.26.42:952][215]LogModuleManager: Shutting down and abandoning module MediaAssets (208)
[2017.07.17-08.26.42:952][215]LogModuleManager: Shutting down and abandoning module GameLiveStreaming (206)
[2017.07.17-08.26.42:952][215]LogModuleManager: Shutting down and abandoning module VREditor (204)
[2017.07.17-08.26.42:952][215]LogModuleManager: Shutting down and abandoning module StringTableEditor (202)
[2017.07.17-08.26.42:952][215]LogModuleManager: Shutting down and abandoning module GameplayTasksEditor (200)
[2017.07.17-08.26.42:952][215]LogModuleManager: Shutting down and abandoning module BehaviorTreeEditor (198)
[2017.07.17-08.26.42:952][215]LogModuleManager: Shutting down and abandoning module FunctionalTesting (196)
[2017.07.17-08.26.42:952][215]LogModuleManager: Shutting down and abandoning module CollisionAnalyzer (194)
[2017.07.17-08.26.42:952][215]LogModuleManager: Shutting down and abandoning module UMG (192)
[2017.07.17-08.26.42:952][215]LogModuleManager: Shutting down and abandoning module UMGEditor (191)
[2017.07.17-08.26.42:952][215]LogModuleManager: Shutting down and abandoning module Sequencer (190)
[2017.07.17-08.26.42:952][215]LogModuleManager: Shutting down and abandoning module AssetTools (188)
[2017.07.17-08.26.42:952][215]LogModuleManager: Shutting down and abandoning module MessageLog (187)
[2017.07.17-08.26.42:952][215]LogModuleManager: Shutting down and abandoning module WorkspaceMenuStructure (186)
[2017.07.17-08.26.42:952][215]LogModuleManager: Shutting down and abandoning module SlateReflector (180)
[2017.07.17-08.26.42:952][215]LogModuleManager: Shutting down and abandoning module Slate (178)
[2017.07.17-08.26.42:952][215]LogModuleManager: Shutting down and abandoning module EditorStyle (176)
[2017.07.17-08.26.42:954][215]LogModuleManager: Shutting down and abandoning module SourceCodeAccess (174)
[2017.07.17-08.26.42:954][215]LogModuleManager: Shutting down and abandoning module HeadMountedDisplay (172)
[2017.07.17-08.26.42:954][215]LogModuleManager: Shutting down and abandoning module XAudio2 (170)
[2017.07.17-08.26.42:954][215]LogModuleManager: Shutting down and abandoning module Networking (168)
[2017.07.17-08.26.42:954][215]LogModuleManager: Shutting down and abandoning module Core (164)
[2017.07.17-08.26.42:954][215]LogModuleManager: Shutting down and abandoning module AssetRegistry (162)
[2017.07.17-08.26.43:180][215]LogDirectoryWatcher: A directory notification for '../../../Engine/Content/' was aborted.
[2017.07.17-08.26.43:180][215]LogDirectoryWatcher: A directory notification for 'D:/Git/UnrealCourse/Section_03/Content/' was aborted.
[2017.07.17-08.26.43:180][215]LogDirectoryWatcher: A directory notification for '../../../Engine/Plugins/2D/Paper2D/Content/' was aborted.
[2017.07.17-08.26.43:180][215]LogDirectoryWatcher: A directory notification for '../../../Engine/Plugins/Runtime/GearVR/Content/' was aborted.
[2017.07.17-08.26.43:183][215]LogModuleManager: Shutting down and abandoning module DirectoryWatcher (161)
[2017.07.17-08.26.43:183][215]LogModuleManager: Shutting down and abandoning module KismetCompiler (158)
[2017.07.17-08.26.43:183][215]LogModuleManager: Shutting down and abandoning module LevelSequence (156)
[2017.07.17-08.26.43:183][215]LogModuleManager: Shutting down and abandoning module PhysXFormats (154)
[2017.07.17-08.26.43:183][215]LogModuleManager: Shutting down and abandoning module MeshUtilities (152)
[2017.07.17-08.26.43:183][215]LogModuleManager: Shutting down and abandoning module SimplygonSwarm (151)
[2017.07.17-08.26.43:183][215]LogModuleManager: Shutting down and abandoning module SimplygonMeshReduction (149)
[2017.07.17-08.26.43:183][215]LogModuleManager: Shutting down and abandoning module QuadricMeshReduction (147)
[2017.07.17-08.26.43:183][215]LogModuleManager: Shutting down and abandoning module DerivedDataCache (144)
[2017.07.17-08.26.43:258][215]LogDerivedDataCache: Shutdown
[2017.07.17-08.26.43:258][215]LogModuleManager: Shutting down and abandoning module TargetPlatform (142)
[2017.07.17-08.26.43:258][215]LogModuleManager: Shutting down and abandoning module VulkanShaderFormat (141)
[2017.07.17-08.26.43:258][215]LogModuleManager: Shutting down and abandoning module ShaderFormatVectorVM (139)
[2017.07.17-08.26.43:259][215]LogModuleManager: Shutting down and abandoning module ShaderFormatOpenGL (137)
[2017.07.17-08.26.43:259][215]LogModuleManager: Shutting down and abandoning module ShaderFormatD3D (135)
[2017.07.17-08.26.43:259][215]LogModuleManager: Shutting down and abandoning module MetalShaderFormat (133)
[2017.07.17-08.26.43:259][215]LogModuleManager: Shutting down and abandoning module TextureFormatUncompressed (131)
[2017.07.17-08.26.43:259][215]LogModuleManager: Shutting down and abandoning module TextureFormatPVR (129)
[2017.07.17-08.26.43:259][215]LogModuleManager: Shutting down and abandoning module TextureFormatDXT (127)
[2017.07.17-08.26.43:259][215]LogModuleManager: Shutting down and abandoning module TextureFormatIntelISPCTexComp (125)
[2017.07.17-08.26.43:259][215]LogModuleManager: Shutting down and abandoning module TextureFormatASTC (123)
[2017.07.17-08.26.43:259][215]LogModuleManager: Shutting down and abandoning module ImageWrapper (122)
[2017.07.17-08.26.43:259][215]LogModuleManager: Shutting down and abandoning module TextureFormatAndroid (119)
[2017.07.17-08.26.43:259][215]LogModuleManager: Shutting down and abandoning module AudioFormatOpus (117)
[2017.07.17-08.26.43:259][215]LogModuleManager: Shutting down and abandoning module AudioFormatOgg (115)
[2017.07.17-08.26.43:259][215]LogModuleManager: Shutting down and abandoning module AudioFormatADPCM (113)
[2017.07.17-08.26.43:259][215]LogModuleManager: Shutting down and abandoning module LinuxTargetPlatform (111)
[2017.07.17-08.26.43:259][215]LogModuleManager: Shutting down and abandoning module LinuxServerTargetPlatform (109)
[2017.07.17-08.26.43:259][215]LogModuleManager: Shutting down and abandoning module LinuxNoEditorTargetPlatform (107)
[2017.07.17-08.26.43:259][215]LogModuleManager: Shutting down and abandoning module LinuxClientTargetPlatform (105)
[2017.07.17-08.26.43:259][215]LogModuleManager: Shutting down and abandoning module TVOSTargetPlatform (103)
[2017.07.17-08.26.43:259][215]LogModuleManager: Shutting down and abandoning module Messaging (101)
[2017.07.17-08.26.43:259][215]LogModuleManager: Shutting down and abandoning module IOSTargetPlatform (99)
[2017.07.17-08.26.43:259][215]LogModuleManager: Shutting down and abandoning module HTML5TargetPlatform (97)
[2017.07.17-08.26.43:259][215]LogModuleManager: Shutting down and abandoning module Android_PVRTCTargetPlatform (95)
[2017.07.17-08.26.43:259][215]LogModuleManager: Shutting down and abandoning module Android_MultiTargetPlatform (93)
[2017.07.17-08.26.43:260][215]LogModuleManager: Shutting down and abandoning module Android_ETC2TargetPlatform (91)
[2017.07.17-08.26.43:260][215]LogModuleManager: Shutting down and abandoning module Android_ETC1TargetPlatform (89)
[2017.07.17-08.26.43:260][215]LogModuleManager: Shutting down and abandoning module Android_DXTTargetPlatform (87)
[2017.07.17-08.26.43:260][215]LogModuleManager: Shutting down and abandoning module Android_ATCTargetPlatform (85)
[2017.07.17-08.26.43:260][215]LogModuleManager: Shutting down and abandoning module Android_ASTCTargetPlatform (83)
[2017.07.17-08.26.43:260][215]LogModuleManager: Shutting down and abandoning module AndroidTargetPlatform (81)
[2017.07.17-08.26.43:260][215]LogModuleManager: Shutting down and abandoning module WindowsTargetPlatform (79)
[2017.07.17-08.26.43:260][215]LogModuleManager: Shutting down and abandoning module WindowsServerTargetPlatform (77)
[2017.07.17-08.26.43:260][215]LogModuleManager: Shutting down and abandoning module WindowsNoEditorTargetPlatform (75)
[2017.07.17-08.26.43:260][215]LogModuleManager: Shutting down and abandoning module WindowsClientTargetPlatform (73)
[2017.07.17-08.26.43:260][215]LogModuleManager: Shutting down and abandoning module MacTargetPlatform (71)
[2017.07.17-08.26.43:260][215]LogModuleManager: Shutting down and abandoning module MacServerTargetPlatform (69)
[2017.07.17-08.26.43:260][215]LogModuleManager: Shutting down and abandoning module MacNoEditorTargetPlatform (67)
[2017.07.17-08.26.43:260][215]LogModuleManager: Shutting down and abandoning module MacClientTargetPlatform (65)
[2017.07.17-08.26.43:260][215]LogModuleManager: Shutting down and abandoning module AllDesktopTargetPlatform (63)
[2017.07.17-08.26.43:260][215]LogModuleManager: Shutting down and abandoning module InputCore (60)
[2017.07.17-08.26.43:260][215]LogModuleManager: Shutting down and abandoning module Settings (58)
[2017.07.17-08.26.43:260][215]LogModuleManager: Shutting down and abandoning module OculusRift (56)
[2017.07.17-08.26.43:260][215]LogModuleManager: Shutting down and abandoning module GearVRController (54)
[2017.07.17-08.26.43:260][215]LogModuleManager: Shutting down and abandoning module GearVR (52)
[2017.07.17-08.26.43:260][215]LogModuleManager: Shutting down and abandoning module ExampleDeviceProfileSelector (50)
[2017.07.17-08.26.43:260][215]LogModuleManager: Shutting down and abandoning module OnlineBlueprintSupport (48)
[2017.07.17-08.26.43:260][215]LogModuleManager: Shutting down and abandoning module OnlineSubsystem (44)
[2017.07.17-08.26.43:260][215]LogOnline:Display: Unloading online subsystem: NULL
[2017.07.17-08.26.43:260][215]LogModuleManager: Shutting down and abandoning module XMPP (43)
[2017.07.17-08.26.43:261][215]LogModuleManager: Shutting down and abandoning module HTTP (41)
[2017.07.17-08.26.43:261][215]LogHttp:Display: Http module shutting down, but needs to wait on 1 outstanding Http requests:
[2017.07.17-08.26.43:261][215]LogHttp:Display: 	verb=[POST] url=[https://datarouter.ol.epicgames.com/datarouter/api/v1/public/data?SessionID=%7B626CC896-4F7D-7C17-D301-A3B8C7E87CBB%7D&AppID=UEEditor.Rocket.Release&AppVersion=4.16.2-3514769%2B%2B%2BUE4%2BRelease-4.16&UserID=e622f32f463af1de59db119f787e99a9%7C3c5312b806f34eb08048b3493a229283%7C3d3f9deb-b8f4-4a62-bb75-89de9895d325&AppEnvironment=datacollector-binary&UploadType=eteventstream] status=Processing
[2017.07.17-08.26.43:285][215]LogModuleManager: Shutting down and abandoning module SSL (40)
[2017.07.17-08.26.43:289][215]LogModuleManager: Shutting down and abandoning module HTTPChunkInstaller (36)
[2017.07.17-08.26.43:289][215]LogModuleManager: Shutting down and abandoning module AnimationModifiers (34)
[2017.07.17-08.26.43:289][215]LogModuleManager: Shutting down and abandoning module PropertyEditor (33)
[2017.07.17-08.26.43:289][215]LogModuleManager: Shutting down and abandoning module AudioEditor (30)
[2017.07.17-08.26.43:289][215]LogModuleManager: Shutting down and abandoning module TextureCompressor (28)
[2017.07.17-08.26.43:290][215]LogModuleManager: Shutting down and abandoning module ShaderCore (26)
[2017.07.17-08.26.43:290][215]LogModuleManager: Shutting down and abandoning module Landscape (24)
[2017.07.17-08.26.43:290][215]LogModuleManager: Shutting down and abandoning module SlateRHIRenderer (22)
[2017.07.17-08.26.43:291][215]LogModuleManager: Shutting down and abandoning module OpenGLDrv (20)
[2017.07.17-08.26.43:291][215]LogModuleManager: Shutting down and abandoning module D3D11RHI (18)
[2017.07.17-08.26.43:291][215]LogModuleManager: Shutting down and abandoning module AnimGraphRuntime (16)
[2017.07.17-08.26.43:291][215]LogModuleManager: Shutting down and abandoning module Renderer (14)
[2017.07.17-08.26.43:291][215]LogModuleManager: Shutting down and abandoning module Engine (12)
[2017.07.17-08.26.43:291][215]LogModuleManager: Shutting down and abandoning module CoreUObject (10)
[2017.07.17-08.26.43:291][215]LogModuleManager: Shutting down and abandoning module NetworkFile (8)
[2017.07.17-08.26.43:291][215]LogModuleManager: Shutting down and abandoning module StreamingFile (6)
[2017.07.17-08.26.43:291][215]LogModuleManager: Shutting down and abandoning module SandboxFile (4)
[2017.07.17-08.26.43:291][215]LogModuleManager: Shutting down and abandoning module PakFile (2)
[2017.07.17-08.26.43:296][215]LogExit: Exiting.
[2017.07.17-08.26.43:333][215]Log file closed, 07/17/17 10:26:43
